Sun Aug 10 13:13:36 UTC 2025
Mon Aug 11 02:55:28 UTC 2025
Tue Aug 12 02:39:59 UTC 2025
Wed Aug 13 02:42:04 UTC 2025
Thu Aug 14 02:43:16 UTC 2025
Fri Aug 15 02:44:33 UTC 2025
Sat Aug 16 02:27:58 UTC 2025
Sun Aug 17 02:48:51 UTC 2025
Mon Aug 18 02:51:46 UTC 2025
Tue Aug 19 02:25:36 UTC 2025
Wed Aug 20 02:23:40 UTC 2025
Thu Aug 21 02:22:54 UTC 2025
Fri Aug 22 02:23:43 UTC 2025
Sat Aug 23 02:18:29 UTC 2025
Sun Aug 24 02:42:51 UTC 2025
Mon Aug 25 02:28:16 UTC 2025
Tue Aug 26 02:24:50 UTC 2025
Wed Aug 27 02:19:23 UTC 2025
Thu Aug 28 02:19:04 UTC 2025
Fri Aug 29 02:19:25 UTC 2025
Sat Aug 30 02:13:10 UTC 2025
Sun Aug 31 02:23:49 UTC 2025
Mon Sep  1 02:45:51 UTC 2025
Tue Sep  2 02:21:30 UTC 2025
Wed Sep  3 02:12:07 UTC 2025
Thu Sep  4 02:12:42 UTC 2025
Fri Sep  5 02:15:48 UTC 2025
